<?xml version="1.0" encoding="UTF-8"?>
<!-- Generated by org.testng.reporters.JUnitXMLReporter -->
<testsuite hostname="DESKTOP-FJBLVPL" name="Test" tests="3" failures="0" timestamp="5 Jul 2020 06:14:04 GMT" time="69.56" errors="0">
  <testcase name="assignLeave" time="26.558" classname="com.tests.AssignLeaveTest"/>
  <testcase name="f" time="22.136" classname="com.tests.EmployeeRegistrationTest"/>
  <testcase name="userRegistrationTest" time="20.73" classname="com.tests.UserRegistrationTest"/>
</testsuite> <!-- Test -->
