<?xml version="1.0" encoding="UTF-8"?>
<testng-results skipped="0" failed="0" total="1" passed="1">
  <reporter-output>
  </reporter-output>
  <suite name="Default suite" duration-ms="6291" started-at="2020-06-27T07:02:55Z" finished-at="2020-06-27T07:03:01Z">
    <groups>
    </groups>
    <test name="Default test" duration-ms="6291" started-at="2020-06-27T07:02:55Z" finished-at="2020-06-27T07:03:01Z">
      <class name="com.tests.Dummy">
        <test-method status="PASS" signature="f()[pri:0, instance:com.tests.Dummy@5f341870]" name="f" duration-ms="6231" started-at="2020-06-27T12:32:55Z" finished-at="2020-06-27T12:33:01Z">
          <reporter-output>
          </reporter-output>
        </test-method> <!-- f -->
      </class> <!-- com.tests.Dummy -->
    </test> <!-- Default test -->
  </suite> <!-- Default suite -->
</testng-results>
