<?xml version="1.0" encoding="UTF-8"?>
<testng-results skipped="0" failed="0" total="3" passed="3">
  <reporter-output>
  </reporter-output>
  <suite name="Suite" duration-ms="69560" started-at="2020-07-05T06:12:54Z" finished-at="2020-07-05T06:14:04Z">
    <groups>
    </groups>
    <test name="Test" duration-ms="69560" started-at="2020-07-05T06:12:54Z" finished-at="2020-07-05T06:14:04Z">
      <class name="com.tests.UserRegistrationTest">
        <test-method status="PASS" signature="userRegistrationTest()[pri:0, instance:com.tests.UserRegistrationTest@589838eb]" name="userRegistrationTest" duration-ms="20730" started-at="2020-07-05T11:43:43Z" finished-at="2020-07-05T11:44:04Z">
          <reporter-output>
          </reporter-output>
        </test-method> <!-- userRegistrationTest -->
      </class> <!-- com.tests.UserRegistrationTest -->
      <class name="com.tests.EmployeeRegistrationTest">
        <test-method status="PASS" signature="f()[pri:0, instance:com.tests.EmployeeRegistrationTest@271053e1]" name="f" duration-ms="22136" started-at="2020-07-05T11:43:21Z" finished-at="2020-07-05T11:43:43Z">
          <reporter-output>
          </reporter-output>
        </test-method> <!-- f -->
      </class> <!-- com.tests.EmployeeRegistrationTest -->
      <class name="com.tests.AssignLeaveTest">
        <test-method status="PASS" signature="assignLeave()[pri:0, instance:com.tests.AssignLeaveTest@5f341870]" name="assignLeave" duration-ms="26558" started-at="2020-07-05T11:42:54Z" finished-at="2020-07-05T11:43:21Z">
          <reporter-output>
          </reporter-output>
        </test-method> <!-- assignLeave -->
      </class> <!-- com.tests.AssignLeaveTest -->
    </test> <!-- Test -->
  </suite> <!-- Suite -->
</testng-results>
